<?xml version="1.0" encoding="UTF-8"?>
<!-- Generated by org.testng.reporters.JUnitReportReporter -->
<testsuite hostname="lapsun18.successivetech.com" name="com.zoopla.qa.testcases.HomePageTest" tests="1" failures="0" timestamp="29 Nov 2019 19:05:40 GMT" time="12.790" errors="0">
  <testcase name="validateLogin" time="12.790" classname="com.zoopla.qa.testcases.HomePageTest"/>
</testsuite> <!-- com.zoopla.qa.testcases.HomePageTest -->
