<?xml version="1.0" encoding="UTF-8"?>
<!-- Generated by org.testng.reporters.JUnitReportReporter -->
<testsuite hostname="lapsun18.successivetech.com" name="com.zoopla.qa.testcases.SignInPageTest" tests="1" failures="0" timestamp="13 Nov 2019 12:01:29 GMT" time="0.009" errors="0">
  <testcase name="test" time="0.009" classname="com.zoopla.qa.testcases.SignInPageTest"/>
</testsuite> <!-- com.zoopla.qa.testcases.SignInPageTest -->
